0 info it worked if it ends with ok
1 verbose cli [ 'C:\\Java\\nodejs\\node.exe',
1 verbose cli   'C:\\Java\\nodejs\\node_modules\\npm\\bin\\npm-cli.js',
1 verbose cli   'run',
1 verbose cli   'storybook' ]
2 info using npm@3.10.10
3 info using node@v6.10.0
4 verbose run-script [ 'prestorybook', 'storybook', 'poststorybook' ]
5 info lifecycle storybox@0.1.0~prestorybook: storybox@0.1.0
6 silly lifecycle storybox@0.1.0~prestorybook: no script for prestorybook, continuing
7 info lifecycle storybox@0.1.0~storybook: storybox@0.1.0
8 verbose lifecycle storybox@0.1.0~storybook: unsafe-perm in lifecycle true
9 verbose lifecycle storybox@0.1.0~storybook: PATH: C:\Java\nodejs\node_modules\npm\bin\node-gyp-bin;C:\Java\workspace\SkillBranch\storybox\node_modules\.bin;C:\oraclexe\app\oracle\product\11.2.0\server\bin;C:\ProgramData\Oracle\Java\javapath;C:\WINDOWS\system32;C:\WINDOWS;C:\WINDOWS\System32\Wbem;C:\WINDOWS\System32\WindowsPowerShell\v1.0\;c:\Program Files (x86)\ATI Technologies\ATI.ACE\Core-Static;C:\Java\jdk\bin;C:\Java\ExternalLibrarys\apache-maven-3.3.1\bin;C:\Java\ExternalLibrarys\apache-ant-1.9.4\bin;C:\Program Files\MPlayer;C:\Program Files (x86)\MySQL\MySQL Server 5.6\bin;C:\Java\ExternalLibrarys\jboss-as-7.1.0.Final\bin;C:\Java\wildfly-8.2.0\bin;C:\Java\Tomcat8\bin;C:\Java\glassfish4\bin;%ROO_HOME%\bin;C:\Program Files (x86)\MySQL\MySQL Utilities\;C:\Program Files (x86)\MySQL\MySQL Utilities\Doctrine extensions for PHP\;C:\Java\jdk8\bin;C:\Program Files\TortoiseSVN\bin;C:\Program Files (x86)\Skype\Phone\;C:\Program Files\Git\bin;C:\Program Files (x86)\Notepad++;C:\Java\nodejs;C:\Java\Yarn\bin;C:\Java\db-derby\bin;C:\Users\Alejandro\AppData\Local\Microsoft\WindowsApps;C:\Users\Alejandro\AppData\Roaming\npm
10 verbose lifecycle storybox@0.1.0~storybook: CWD: C:\Java\workspace\SkillBranch\storybox
11 silly lifecycle storybox@0.1.0~storybook: Args: [ '/d /s /c', 'start-storybook -p 9001 -c .storybook' ]
12 silly lifecycle storybox@0.1.0~storybook: Returned: code: 1  signal: null
13 info lifecycle storybox@0.1.0~storybook: Failed to exec storybook script
14 verbose stack Error: storybox@0.1.0 storybook: `start-storybook -p 9001 -c .storybook`
14 verbose stack Exit status 1
14 verbose stack     at EventEmitter.<anonymous> (C:\Java\nodejs\node_modules\npm\lib\utils\lifecycle.js:255:16)
14 verbose stack     at emitTwo (events.js:106:13)
14 verbose stack     at EventEmitter.emit (events.js:191:7)
14 verbose stack     at ChildProcess.<anonymous> (C:\Java\nodejs\node_modules\npm\lib\utils\spawn.js:40:14)
14 verbose stack     at emitTwo (events.js:106:13)
14 verbose stack     at ChildProcess.emit (events.js:191:7)
14 verbose stack     at maybeClose (internal/child_process.js:877:16)
14 verbose stack     at Process.ChildProcess._handle.onexit (internal/child_process.js:226:5)
15 verbose pkgid storybox@0.1.0
16 verbose cwd C:\Java\workspace\SkillBranch\storybox
17 error Windows_NT 10.0.14393
18 error argv "C:\\Java\\nodejs\\node.exe" "C:\\Java\\nodejs\\node_modules\\npm\\bin\\npm-cli.js" "run" "storybook"
19 error node v6.10.0
20 error npm  v3.10.10
21 error code ELIFECYCLE
22 error storybox@0.1.0 storybook: `start-storybook -p 9001 -c .storybook`
22 error Exit status 1
23 error Failed at the storybox@0.1.0 storybook script 'start-storybook -p 9001 -c .storybook'.
23 error Make sure you have the latest version of node.js and npm installed.
23 error If you do, this is most likely a problem with the storybox package,
23 error not with npm itself.
23 error Tell the author that this fails on your system:
23 error     start-storybook -p 9001 -c .storybook
23 error You can get information on how to open an issue for this project with:
23 error     npm bugs storybox
23 error Or if that isn't available, you can get their info via:
23 error     npm owner ls storybox
23 error There is likely additional logging output above.
24 verbose exit [ 1, true ]
